mode: set
furab-backend/services/rating-service/internal/service/rating_service.go:34.71,38.2 1 1
furab-backend/services/rating-service/internal/service/rating_service.go:40.95,41.42 1 1
furab-backend/services/rating-service/internal/service/rating_service.go:41.42,43.3 1 1
furab-backend/services/rating-service/internal/service/rating_service.go:45.2,46.16 2 1
furab-backend/services/rating-service/internal/service/rating_service.go:46.16,48.3 1 0
furab-backend/services/rating-service/internal/service/rating_service.go:50.2,50.17 1 1
furab-backend/services/rating-service/internal/service/rating_service.go:50.17,52.3 1 1
furab-backend/services/rating-service/internal/service/rating_service.go:54.2,54.39 1 1
furab-backend/services/rating-service/internal/service/rating_service.go:57.67,59.2 1 0
furab-backend/services/rating-service/internal/service/rating_service.go:61.67,63.2 1 0
furab-backend/services/rating-service/internal/service/rating_service.go:65.72,67.2 1 0
