mode: set
furab-backend/services/menu-service/internal/service/menu_service.go:28.65,32.2 1 1
furab-backend/services/menu-service/internal/service/menu_service.go:35.63,36.25 1 1
furab-backend/services/menu-service/internal/service/menu_service.go:36.25,38.3 1 1
furab-backend/services/menu-service/internal/service/menu_service.go:39.2,39.20 1 1
furab-backend/services/menu-service/internal/service/menu_service.go:39.20,41.3 1 1
furab-backend/services/menu-service/internal/service/menu_service.go:42.2,42.12 1 1
furab-backend/services/menu-service/internal/service/menu_service.go:45.78,46.45 1 1
furab-backend/services/menu-service/internal/service/menu_service.go:46.45,48.3 1 1
furab-backend/services/menu-service/internal/service/menu_service.go:49.2,49.33 1 1
furab-backend/services/menu-service/internal/service/menu_service.go:52.78,53.45 1 0
furab-backend/services/menu-service/internal/service/menu_service.go:53.45,55.3 1 0
furab-backend/services/menu-service/internal/service/menu_service.go:56.2,56.33 1 0
furab-backend/services/menu-service/internal/service/menu_service.go:59.76,61.2 1 0
furab-backend/services/menu-service/internal/service/menu_service.go:63.93,66.16 2 1
furab-backend/services/menu-service/internal/service/menu_service.go:66.16,68.3 1 1
furab-backend/services/menu-service/internal/service/menu_service.go:71.2,74.18 2 1
furab-backend/services/menu-service/internal/service/menu_service.go:74.18,76.3 1 1
furab-backend/services/menu-service/internal/service/menu_service.go:79.2,80.16 2 1
furab-backend/services/menu-service/internal/service/menu_service.go:80.16,82.3 1 1
furab-backend/services/menu-service/internal/service/menu_service.go:85.2,85.19 1 1
furab-backend/services/menu-service/internal/service/menu_service.go:85.19,88.3 1 1
furab-backend/services/menu-service/internal/service/menu_service.go:88.8,88.43 1 1
furab-backend/services/menu-service/internal/service/menu_service.go:88.43,91.3 1 1
furab-backend/services/menu-service/internal/service/menu_service.go:93.2,93.12 1 1
furab-backend/services/menu-service/internal/service/menu_service.go:96.91,98.2 1 1
furab-backend/services/menu-service/internal/service/menu_service.go:100.104,102.2 1 1
furab-backend/services/menu-service/internal/service/menu_service.go:104.98,106.2 1 0
