mode: set
furab-backend/services/review-service/internal/service/review_service.go:26.71,30.2 1 1
furab-backend/services/review-service/internal/service/review_service.go:33.69,35.49 1 1
furab-backend/services/review-service/internal/service/review_service.go:35.49,37.3 1 1
furab-backend/services/review-service/internal/service/review_service.go:39.2,39.13 1 1
furab-backend/services/review-service/internal/service/review_service.go:42.84,44.70 1 1
furab-backend/services/review-service/internal/service/review_service.go:44.70,46.3 1 1
furab-backend/services/review-service/internal/service/review_service.go:49.2,49.43 1 1
furab-backend/services/review-service/internal/service/review_service.go:49.43,51.3 1 1
furab-backend/services/review-service/internal/service/review_service.go:54.2,56.49 2 1
furab-backend/services/review-service/internal/service/review_service.go:56.49,58.3 1 1
furab-backend/services/review-service/internal/service/review_service.go:61.2,61.25 1 1
furab-backend/services/review-service/internal/service/review_service.go:61.25,63.3 1 1
furab-backend/services/review-service/internal/service/review_service.go:65.2,65.35 1 1
furab-backend/services/review-service/internal/service/review_service.go:68.137,70.14 1 1
furab-backend/services/review-service/internal/service/review_service.go:70.14,72.3 1 1
furab-backend/services/review-service/internal/service/review_service.go:73.2,73.15 1 1
furab-backend/services/review-service/internal/service/review_service.go:73.15,75.3 1 1
furab-backend/services/review-service/internal/service/review_service.go:76.2,76.67 1 1
furab-backend/services/review-service/internal/service/review_service.go:79.96,82.16 2 1
furab-backend/services/review-service/internal/service/review_service.go:82.16,84.3 1 1
furab-backend/services/review-service/internal/service/review_service.go:87.2,87.61 1 1
furab-backend/services/review-service/internal/service/review_service.go:90.101,92.2 1 0
furab-backend/services/review-service/internal/service/review_service.go:94.141,96.14 1 1
furab-backend/services/review-service/internal/service/review_service.go:96.14,98.3 1 1
furab-backend/services/review-service/internal/service/review_service.go:99.2,99.15 1 1
furab-backend/services/review-service/internal/service/review_service.go:99.15,101.3 1 1
furab-backend/services/review-service/internal/service/review_service.go:102.2,102.64 1 1
