mode: set
furab-backend/services/merchant-service/internal/service/merchant_service.go:28.77,32.2 1 1
furab-backend/services/merchant-service/internal/service/merchant_service.go:34.90,35.27 1 1
furab-backend/services/merchant-service/internal/service/merchant_service.go:35.27,37.3 1 1
furab-backend/services/merchant-service/internal/service/merchant_service.go:38.2,38.29 1 1
furab-backend/services/merchant-service/internal/service/merchant_service.go:38.29,40.3 1 1
furab-backend/services/merchant-service/internal/service/merchant_service.go:42.2,43.38 2 1
furab-backend/services/merchant-service/internal/service/merchant_service.go:43.38,45.3 1 1
furab-backend/services/merchant-service/internal/service/merchant_service.go:46.2,46.37 1 1
furab-backend/services/merchant-service/internal/service/merchant_service.go:49.90,50.29 1 0
furab-backend/services/merchant-service/internal/service/merchant_service.go:50.29,52.3 1 0
furab-backend/services/merchant-service/internal/service/merchant_service.go:53.2,53.37 1 0
furab-backend/services/merchant-service/internal/service/merchant_service.go:56.103,58.2 1 0
furab-backend/services/merchant-service/internal/service/merchant_service.go:60.105,61.44 1 1
furab-backend/services/merchant-service/internal/service/merchant_service.go:61.44,63.3 1 1
furab-backend/services/merchant-service/internal/service/merchant_service.go:65.2,66.16 2 1
furab-backend/services/merchant-service/internal/service/merchant_service.go:66.16,68.3 1 1
furab-backend/services/merchant-service/internal/service/merchant_service.go:71.2,73.12 2 1
furab-backend/services/merchant-service/internal/service/merchant_service.go:76.88,79.16 2 1
furab-backend/services/merchant-service/internal/service/merchant_service.go:79.16,81.3 1 1
furab-backend/services/merchant-service/internal/service/merchant_service.go:84.2,85.16 2 1
furab-backend/services/merchant-service/internal/service/merchant_service.go:85.16,87.3 1 1
furab-backend/services/merchant-service/internal/service/merchant_service.go:90.2,92.12 2 1
furab-backend/services/merchant-service/internal/service/merchant_service.go:95.118,97.19 2 1
furab-backend/services/merchant-service/internal/service/merchant_service.go:97.19,99.3 1 1
furab-backend/services/merchant-service/internal/service/merchant_service.go:100.2,100.20 1 1
furab-backend/services/merchant-service/internal/service/merchant_service.go:100.20,102.3 1 1
furab-backend/services/merchant-service/internal/service/merchant_service.go:104.2,104.35 1 1
furab-backend/services/merchant-service/internal/service/merchant_service.go:107.105,111.44 2 1
furab-backend/services/merchant-service/internal/service/merchant_service.go:111.44,113.3 1 1
furab-backend/services/merchant-service/internal/service/merchant_service.go:116.2,117.16 2 1
furab-backend/services/merchant-service/internal/service/merchant_service.go:117.16,119.3 1 1
furab-backend/services/merchant-service/internal/service/merchant_service.go:122.2,123.20 2 1
