mode: set
furab-backend/services/audit-log-service/internal/service/audit_log_service.go:36.77,40.2 1 1
furab-backend/services/audit-log-service/internal/service/audit_log_service.go:43.88,45.88 1 1
furab-backend/services/audit-log-service/internal/service/audit_log_service.go:45.88,47.3 1 1
furab-backend/services/audit-log-service/internal/service/audit_log_service.go:50.2,50.28 1 1
furab-backend/services/audit-log-service/internal/service/audit_log_service.go:50.28,52.3 1 1
furab-backend/services/audit-log-service/internal/service/audit_log_service.go:55.2,55.30 1 1
furab-backend/services/audit-log-service/internal/service/audit_log_service.go:59.134,61.14 1 1
furab-backend/services/audit-log-service/internal/service/audit_log_service.go:61.14,63.3 1 1
furab-backend/services/audit-log-service/internal/service/audit_log_service.go:64.2,64.15 1 1
furab-backend/services/audit-log-service/internal/service/audit_log_service.go:64.15,66.3 1 1
furab-backend/services/audit-log-service/internal/service/audit_log_service.go:69.2,71.29 2 1
furab-backend/services/audit-log-service/internal/service/audit_log_service.go:71.29,73.3 1 1
furab-backend/services/audit-log-service/internal/service/audit_log_service.go:74.2,74.27 1 1
furab-backend/services/audit-log-service/internal/service/audit_log_service.go:74.27,76.3 1 1
furab-backend/services/audit-log-service/internal/service/audit_log_service.go:77.2,77.30 1 1
furab-backend/services/audit-log-service/internal/service/audit_log_service.go:77.30,79.3 1 1
furab-backend/services/audit-log-service/internal/service/audit_log_service.go:80.2,80.26 1 1
furab-backend/services/audit-log-service/internal/service/audit_log_service.go:80.26,82.3 1 1
furab-backend/services/audit-log-service/internal/service/audit_log_service.go:83.2,83.25 1 1
furab-backend/services/audit-log-service/internal/service/audit_log_service.go:83.25,85.3 1 1
furab-backend/services/audit-log-service/internal/service/audit_log_service.go:86.2,86.27 1 1
furab-backend/services/audit-log-service/internal/service/audit_log_service.go:86.27,88.3 1 1
furab-backend/services/audit-log-service/internal/service/audit_log_service.go:89.2,89.25 1 1
furab-backend/services/audit-log-service/internal/service/audit_log_service.go:89.25,91.3 1 1
furab-backend/services/audit-log-service/internal/service/audit_log_service.go:93.2,93.52 1 1
furab-backend/services/audit-log-service/internal/service/audit_log_service.go:97.103,99.2 1 1
